  [1m[35m (1.9ms)[0m  [1m[34mSELECT sqlite_version(*)[0m
  [1m[35m (2.4ms)[0m  [1m[35mCREATE TABLE "schema_migrations" ("version" varchar NOT NULL PRIMARY KEY)[0m
  [1m[35m (2.2ms)[0m  [1m[35mCREATE TABLE "ar_internal_metadata" ("key" varchar NOT NULL PRIMARY KEY, "value" varchar, "created_at" datetime(6) NOT NULL, "updated_at" datetime(6) NOT NULL)[0m
  [1m[35m (0.2ms)[0m  [1m[34mSELECT "schema_migrations"."version" FROM "schema_migrations" ORDER BY "schema_migrations"."version" ASC[0m
Migrating to DeviseCreateUsers (20201215091435)
  [1m[35m (0.1ms)[0m  [1m[36mbegin transaction[0m
  [1m[35m (1.0ms)[0m  [1m[35mCREATE TABLE "users" ("id" integer PRIMARY KEY AUTOINCREMENT NOT NULL, "email" varchar DEFAULT '' NOT NULL, "encrypted_password" varchar DEFAULT '' NOT NULL, "reset_password_token" varchar, "reset_password_sent_at" datetime, "remember_created_at" datetime, "created_at" datetime(6) NOT NULL, "updated_at" datetime(6) NOT NULL)[0m
  [1m[35m (0.2ms)[0m  [1m[35mCREATE UNIQUE INDEX "index_users_on_email" ON "users" ("email")[0m
  [1m[35m (0.1ms)[0m  [1m[35mCREATE UNIQUE INDEX "index_users_on_reset_password_token" ON "users" ("reset_password_token")[0m
  [1m[36mprimary::SchemaMigration Create (0.2ms)[0m  [1m[32mINSERT INTO "schema_migrations" ("version") VALUES (?)[0m  [["version", "20201215091435"]]
  [1m[35m (1.4ms)[0m  [1m[36mcommit transaction[0m
  [1m[36mActiveRecord::InternalMetadata Load (0.2ms)[0m  [1m[34mSELECT "ar_internal_metadata".* FROM "ar_internal_metadata" WHERE "ar_internal_metadata"."key" = ? LIMIT ?[0m  [["key", "environment"], ["LIMIT", 1]]
  [1m[35m (0.1ms)[0m  [1m[36mbegin transaction[0m
  [1m[36mActiveRecord::InternalMetadata Create (1.6ms)[0m  [1m[32mINSERT INTO "ar_internal_metadata" ("key", "value", "created_at", "updated_at") VALUES (?, ?, ?, ?)[0m  [["key", "environment"], ["value", "development"], ["created_at", "2020-12-15 09:14:48.207927"], ["updated_at", "2020-12-15 09:14:48.207927"]]
  [1m[35m (2.4ms)[0m  [1m[36mcommit transaction[0m
  [1m[35m (0.1ms)[0m  [1m[34mSELECT sqlite_version(*)[0m
  [1m[35m (0.2ms)[0m  [1m[34mSELECT "schema_migrations"."version" FROM "schema_migrations" ORDER BY "schema_migrations"."version" ASC[0m
Started GET "/" for ::1 at 2020-12-15 10:15:36 +0100
  [1m[35m (1.0ms)[0m  [1m[34mSELECT sqlite_version(*)[0m
  [1m[35m (0.8ms)[0m  [1m[34mSELECT "schema_migrations"."version" FROM "schema_migrations" ORDER BY "schema_migrations"."version" ASC[0m
  
ActionController::RoutingError (uninitialized constant PagesController
Did you mean?  DeviseController):
  
actionpack (6.0.3.4) lib/action_dispatch/http/request.rb:92:in `rescue in controller_class_for'
actionpack (6.0.3.4) lib/action_dispatch/http/request.rb:88:in `controller_class_for'
actionpack (6.0.3.4) lib/action_dispatch/http/request.rb:81:in `controller_class'
actionpack (6.0.3.4) lib/action_dispatch/routing/route_set.rb:44:in `controller'
actionpack (6.0.3.4) lib/action_dispatch/routing/route_set.rb:31:in `serve'
actionpack (6.0.3.4) lib/action_dispatch/journey/router.rb:49:in `block in serve'
actionpack (6.0.3.4) lib/action_dispatch/journey/router.rb:32:in `each'
actionpack (6.0.3.4) lib/action_dispatch/journey/router.rb:32:in `serve'
actionpack (6.0.3.4) lib/action_dispatch/routing/route_set.rb:834:in `call'
warden (1.2.9) lib/warden/manager.rb:36:in `block in call'
warden (1.2.9) lib/warden/manager.rb:34:in `catch'
warden (1.2.9) lib/warden/manager.rb:34:in `call'
rack (2.2.3) lib/rack/tempfile_reaper.rb:15:in `call'
rack (2.2.3) lib/rack/etag.rb:27:in `call'
rack (2.2.3) lib/rack/conditional_get.rb:27:in `call'
rack (2.2.3) lib/rack/head.rb:12:in `call'
actionpack (6.0.3.4) lib/action_dispatch/http/content_security_policy.rb:18:in `call'
rack (2.2.3) lib/rack/session/abstract/id.rb:266:in `context'
rack (2.2.3) lib/rack/session/abstract/id.rb:260:in `call'
actionpack (6.0.3.4) lib/action_dispatch/middleware/cookies.rb:648:in `call'
activerecord (6.0.3.4) lib/active_record/migration.rb:567:in `call'
actionpack (6.0.3.4) lib/action_dispatch/middleware/callbacks.rb:27:in `block in call'
activesupport (6.0.3.4) lib/active_support/callbacks.rb:101:in `run_callbacks'
actionpack (6.0.3.4) lib/action_dispatch/middleware/callbacks.rb:26:in `call'
actionpack (6.0.3.4) lib/action_dispatch/middleware/executor.rb:14:in `call'
actionpack (6.0.3.4) lib/action_dispatch/middleware/actionable_exceptions.rb:18:in `call'
actionpack (6.0.3.4) lib/action_dispatch/middleware/debug_exceptions.rb:32:in `call'
web-console (4.1.0) lib/web_console/middleware.rb:132:in `call_app'
web-console (4.1.0) lib/web_console/middleware.rb:28:in `block in call'
web-console (4.1.0) lib/web_console/middleware.rb:17:in `catch'
web-console (4.1.0) lib/web_console/middleware.rb:17:in `call'
actionpack (6.0.3.4) lib/action_dispatch/middleware/show_exceptions.rb:33:in `call'
railties (6.0.3.4) lib/rails/rack/logger.rb:37:in `call_app'
railties (6.0.3.4) lib/rails/rack/logger.rb:26:in `block in call'
activesupport (6.0.3.4) lib/active_support/tagged_logging.rb:80:in `block in tagged'
activesupport (6.0.3.4) lib/active_support/tagged_logging.rb:28:in `tagged'
activesupport (6.0.3.4) lib/active_support/tagged_logging.rb:80:in `tagged'
railties (6.0.3.4) lib/rails/rack/logger.rb:26:in `call'
sprockets-rails (3.2.2) lib/sprockets/rails/quiet_assets.rb:13:in `call'
actionpack (6.0.3.4) lib/action_dispatch/middleware/remote_ip.rb:81:in `call'
actionpack (6.0.3.4) lib/action_dispatch/middleware/request_id.rb:27:in `call'
rack (2.2.3) lib/rack/method_override.rb:24:in `call'
rack (2.2.3) lib/rack/runtime.rb:22:in `call'
activesupport (6.0.3.4) lib/active_support/cache/strategy/local_cache_middleware.rb:29:in `call'
actionpack (6.0.3.4) lib/action_dispatch/middleware/executor.rb:14:in `call'
actionpack (6.0.3.4) lib/action_dispatch/middleware/static.rb:126:in `call'
rack (2.2.3) lib/rack/sendfile.rb:110:in `call'
actionpack (6.0.3.4) lib/action_dispatch/middleware/host_authorization.rb:82:in `call'
webpacker (4.3.0) lib/webpacker/dev_server_proxy.rb:23:in `perform_request'
rack-proxy (0.6.5) lib/rack/proxy.rb:57:in `call'
railties (6.0.3.4) lib/rails/engine.rb:527:in `call'
puma (4.3.7) lib/puma/configuration.rb:228:in `call'
puma (4.3.7) lib/puma/server.rb:713:in `handle_request'
puma (4.3.7) lib/puma/server.rb:472:in `process_client'
puma (4.3.7) lib/puma/server.rb:328:in `block in run'
puma (4.3.7) lib/puma/thread_pool.rb:134:in `block in spawn_thread'
Started GET "/" for ::1 at 2020-12-15 10:16:35 +0100
  
ActionController::RoutingError (uninitialized constant PagesController
Did you mean?  DeviseController):
  
actionpack (6.0.3.4) lib/action_dispatch/http/request.rb:92:in `rescue in controller_class_for'
actionpack (6.0.3.4) lib/action_dispatch/http/request.rb:88:in `controller_class_for'
actionpack (6.0.3.4) lib/action_dispatch/http/request.rb:81:in `controller_class'
actionpack (6.0.3.4) lib/action_dispatch/routing/route_set.rb:44:in `controller'
actionpack (6.0.3.4) lib/action_dispatch/routing/route_set.rb:31:in `serve'
actionpack (6.0.3.4) lib/action_dispatch/journey/router.rb:49:in `block in serve'
actionpack (6.0.3.4) lib/action_dispatch/journey/router.rb:32:in `each'
actionpack (6.0.3.4) lib/action_dispatch/journey/router.rb:32:in `serve'
actionpack (6.0.3.4) lib/action_dispatch/routing/route_set.rb:834:in `call'
warden (1.2.9) lib/warden/manager.rb:36:in `block in call'
warden (1.2.9) lib/warden/manager.rb:34:in `catch'
warden (1.2.9) lib/warden/manager.rb:34:in `call'
rack (2.2.3) lib/rack/tempfile_reaper.rb:15:in `call'
rack (2.2.3) lib/rack/etag.rb:27:in `call'
rack (2.2.3) lib/rack/conditional_get.rb:27:in `call'
rack (2.2.3) lib/rack/head.rb:12:in `call'
actionpack (6.0.3.4) lib/action_dispatch/http/content_security_policy.rb:18:in `call'
rack (2.2.3) lib/rack/session/abstract/id.rb:266:in `context'
rack (2.2.3) lib/rack/session/abstract/id.rb:260:in `call'
actionpack (6.0.3.4) lib/action_dispatch/middleware/cookies.rb:648:in `call'
activerecord (6.0.3.4) lib/active_record/migration.rb:567:in `call'
actionpack (6.0.3.4) lib/action_dispatch/middleware/callbacks.rb:27:in `block in call'
activesupport (6.0.3.4) lib/active_support/callbacks.rb:101:in `run_callbacks'
actionpack (6.0.3.4) lib/action_dispatch/middleware/callbacks.rb:26:in `call'
actionpack (6.0.3.4) lib/action_dispatch/middleware/executor.rb:14:in `call'
actionpack (6.0.3.4) lib/action_dispatch/middleware/actionable_exceptions.rb:18:in `call'
actionpack (6.0.3.4) lib/action_dispatch/middleware/debug_exceptions.rb:32:in `call'
web-console (4.1.0) lib/web_console/middleware.rb:132:in `call_app'
web-console (4.1.0) lib/web_console/middleware.rb:28:in `block in call'
web-console (4.1.0) lib/web_console/middleware.rb:17:in `catch'
web-console (4.1.0) lib/web_console/middleware.rb:17:in `call'
actionpack (6.0.3.4) lib/action_dispatch/middleware/show_exceptions.rb:33:in `call'
railties (6.0.3.4) lib/rails/rack/logger.rb:37:in `call_app'
railties (6.0.3.4) lib/rails/rack/logger.rb:26:in `block in call'
activesupport (6.0.3.4) lib/active_support/tagged_logging.rb:80:in `block in tagged'
activesupport (6.0.3.4) lib/active_support/tagged_logging.rb:28:in `tagged'
activesupport (6.0.3.4) lib/active_support/tagged_logging.rb:80:in `tagged'
railties (6.0.3.4) lib/rails/rack/logger.rb:26:in `call'
sprockets-rails (3.2.2) lib/sprockets/rails/quiet_assets.rb:13:in `call'
actionpack (6.0.3.4) lib/action_dispatch/middleware/remote_ip.rb:81:in `call'
actionpack (6.0.3.4) lib/action_dispatch/middleware/request_id.rb:27:in `call'
rack (2.2.3) lib/rack/method_override.rb:24:in `call'
rack (2.2.3) lib/rack/runtime.rb:22:in `call'
activesupport (6.0.3.4) lib/active_support/cache/strategy/local_cache_middleware.rb:29:in `call'
actionpack (6.0.3.4) lib/action_dispatch/middleware/executor.rb:14:in `call'
actionpack (6.0.3.4) lib/action_dispatch/middleware/static.rb:126:in `call'
rack (2.2.3) lib/rack/sendfile.rb:110:in `call'
actionpack (6.0.3.4) lib/action_dispatch/middleware/host_authorization.rb:82:in `call'
webpacker (4.3.0) lib/webpacker/dev_server_proxy.rb:23:in `perform_request'
rack-proxy (0.6.5) lib/rack/proxy.rb:57:in `call'
railties (6.0.3.4) lib/rails/engine.rb:527:in `call'
puma (4.3.7) lib/puma/configuration.rb:228:in `call'
puma (4.3.7) lib/puma/server.rb:713:in `handle_request'
puma (4.3.7) lib/puma/server.rb:472:in `process_client'
puma (4.3.7) lib/puma/server.rb:328:in `block in run'
puma (4.3.7) lib/puma/thread_pool.rb:134:in `block in spawn_thread'
Started GET "/" for ::1 at 2020-12-15 10:19:03 +0100
  [1m[35m (1.6ms)[0m  [1m[34mSELECT sqlite_version(*)[0m
  [1m[35m (0.8ms)[0m  [1m[34mSELECT "schema_migrations"."version" FROM "schema_migrations" ORDER BY "schema_migrations"."version" ASC[0m
  
ActionController::RoutingError (uninitialized constant PagesController
Did you mean?  DeviseController):
  
actionpack (6.0.3.4) lib/action_dispatch/http/request.rb:92:in `rescue in controller_class_for'
actionpack (6.0.3.4) lib/action_dispatch/http/request.rb:88:in `controller_class_for'
actionpack (6.0.3.4) lib/action_dispatch/http/request.rb:81:in `controller_class'
actionpack (6.0.3.4) lib/action_dispatch/routing/route_set.rb:44:in `controller'
actionpack (6.0.3.4) lib/action_dispatch/routing/route_set.rb:31:in `serve'
actionpack (6.0.3.4) lib/action_dispatch/journey/router.rb:49:in `block in serve'
actionpack (6.0.3.4) lib/action_dispatch/journey/router.rb:32:in `each'
actionpack (6.0.3.4) lib/action_dispatch/journey/router.rb:32:in `serve'
actionpack (6.0.3.4) lib/action_dispatch/routing/route_set.rb:834:in `call'
warden (1.2.9) lib/warden/manager.rb:36:in `block in call'
warden (1.2.9) lib/warden/manager.rb:34:in `catch'
warden (1.2.9) lib/warden/manager.rb:34:in `call'
rack (2.2.3) lib/rack/tempfile_reaper.rb:15:in `call'
rack (2.2.3) lib/rack/etag.rb:27:in `call'
rack (2.2.3) lib/rack/conditional_get.rb:27:in `call'
rack (2.2.3) lib/rack/head.rb:12:in `call'
actionpack (6.0.3.4) lib/action_dispatch/http/content_security_policy.rb:18:in `call'
rack (2.2.3) lib/rack/session/abstract/id.rb:266:in `context'
rack (2.2.3) lib/rack/session/abstract/id.rb:260:in `call'
actionpack (6.0.3.4) lib/action_dispatch/middleware/cookies.rb:648:in `call'
activerecord (6.0.3.4) lib/active_record/migration.rb:567:in `call'
actionpack (6.0.3.4) lib/action_dispatch/middleware/callbacks.rb:27:in `block in call'
activesupport (6.0.3.4) lib/active_support/callbacks.rb:101:in `run_callbacks'
actionpack (6.0.3.4) lib/action_dispatch/middleware/callbacks.rb:26:in `call'
actionpack (6.0.3.4) lib/action_dispatch/middleware/executor.rb:14:in `call'
actionpack (6.0.3.4) lib/action_dispatch/middleware/actionable_exceptions.rb:18:in `call'
actionpack (6.0.3.4) lib/action_dispatch/middleware/debug_exceptions.rb:32:in `call'
web-console (4.1.0) lib/web_console/middleware.rb:132:in `call_app'
web-console (4.1.0) lib/web_console/middleware.rb:28:in `block in call'
web-console (4.1.0) lib/web_console/middleware.rb:17:in `catch'
web-console (4.1.0) lib/web_console/middleware.rb:17:in `call'
actionpack (6.0.3.4) lib/action_dispatch/middleware/show_exceptions.rb:33:in `call'
railties (6.0.3.4) lib/rails/rack/logger.rb:37:in `call_app'
railties (6.0.3.4) lib/rails/rack/logger.rb:26:in `block in call'
activesupport (6.0.3.4) lib/active_support/tagged_logging.rb:80:in `block in tagged'
activesupport (6.0.3.4) lib/active_support/tagged_logging.rb:28:in `tagged'
activesupport (6.0.3.4) lib/active_support/tagged_logging.rb:80:in `tagged'
railties (6.0.3.4) lib/rails/rack/logger.rb:26:in `call'
sprockets-rails (3.2.2) lib/sprockets/rails/quiet_assets.rb:13:in `call'
actionpack (6.0.3.4) lib/action_dispatch/middleware/remote_ip.rb:81:in `call'
actionpack (6.0.3.4) lib/action_dispatch/middleware/request_id.rb:27:in `call'
rack (2.2.3) lib/rack/method_override.rb:24:in `call'
rack (2.2.3) lib/rack/runtime.rb:22:in `call'
activesupport (6.0.3.4) lib/active_support/cache/strategy/local_cache_middleware.rb:29:in `call'
actionpack (6.0.3.4) lib/action_dispatch/middleware/executor.rb:14:in `call'
actionpack (6.0.3.4) lib/action_dispatch/middleware/static.rb:126:in `call'
rack (2.2.3) lib/rack/sendfile.rb:110:in `call'
actionpack (6.0.3.4) lib/action_dispatch/middleware/host_authorization.rb:82:in `call'
webpacker (4.3.0) lib/webpacker/dev_server_proxy.rb:23:in `perform_request'
rack-proxy (0.6.5) lib/rack/proxy.rb:57:in `call'
railties (6.0.3.4) lib/rails/engine.rb:527:in `call'
puma (4.3.7) lib/puma/configuration.rb:228:in `call'
puma (4.3.7) lib/puma/server.rb:713:in `handle_request'
puma (4.3.7) lib/puma/server.rb:472:in `process_client'
puma (4.3.7) lib/puma/server.rb:328:in `block in run'
puma (4.3.7) lib/puma/thread_pool.rb:134:in `block in spawn_thread'
Started GET "/" for ::1 at 2020-12-15 10:20:40 +0100
  [1m[35m (0.1ms)[0m  [1m[34mSELECT sqlite_version(*)[0m
  
ArgumentError (Before process_action callback :authenticate_user! has not been defined):
  
app/controllers/pages_controller.rb:2:in `<class:PagesController>'
app/controllers/pages_controller.rb:1:in `<main>'
Started GET "/" for ::1 at 2020-12-15 10:21:47 +0100
  [1m[35m (0.1ms)[0m  [1m[34mSELECT sqlite_version(*)[0m
  
ArgumentError (Before process_action callback :authenticate_user! has not been defined):
  
app/controllers/pages_controller.rb:2:in `<class:PagesController>'
app/controllers/pages_controller.rb:1:in `<main>'
Started GET "/" for ::1 at 2020-12-15 10:22:29 +0100
  [1m[35m (0.1ms)[0m  [1m[34mSELECT sqlite_version(*)[0m
  
NoMethodError (undefined method `skip_before_filter' for PagesController:Class
Did you mean?  skip_before_action):
  
app/controllers/pages_controller.rb:2:in `<class:PagesController>'
app/controllers/pages_controller.rb:1:in `<main>'
Started GET "/" for ::1 at 2020-12-15 10:22:44 +0100
  [1m[35m (0.1ms)[0m  [1m[34mSELECT sqlite_version(*)[0m
Processing by PagesController#home as HTML
  Rendering pages/home.html.erb within layouts/application
  Rendered pages/home.html.erb within layouts/application (Duration: 1.0ms | Allocations: 80)
[Webpacker] Compiling...
[Webpacker] Compiled all packs in /Users/felixhermann/Documents/GreenImpact/public/packs
[Webpacker] Hash: a2d188dce050c33a1895
Version: webpack 4.44.2
Time: 2302ms
Built at: 12/15/2020 10:22:50 AM
                                     Asset       Size       Chunks                         Chunk Names
    js/application-4f52420daeea112425fa.js   89.1 KiB  application  [emitted] [immutable]  application
js/application-4f52420daeea112425fa.js.map   97.9 KiB  application  [emitted] [dev]        application
                             manifest.json  364 bytes               [emitted]              
Entrypoint application = js/application-4f52420daeea112425fa.js js/application-4f52420daeea112425fa.js.map
[./app/javascript/channels sync recursive _channel\.js$] ./app/javascript/channels sync _channel\.js$ 160 bytes {application} [built]
[./app/javascript/channels/index.js] 211 bytes {application} [built]
[./app/javascript/packs/application.js] 707 bytes {application} [built]
[./node_modules/webpack/buildin/module.js] (webpack)/buildin/module.js 552 bytes {application} [built]
    + 2 hidden modules

Completed 200 OK in 5727ms (Views: 5726.1ms | ActiveRecord: 0.0ms | Allocations: 15161)


Started GET "/" for ::1 at 2020-12-15 10:27:36 +0100
  [1m[35m (0.8ms)[0m  [1m[34mSELECT sqlite_version(*)[0m
  [1m[35m (0.8ms)[0m  [1m[34mSELECT "schema_migrations"."version" FROM "schema_migrations" ORDER BY "schema_migrations"."version" ASC[0m
  
NoMethodError (undefined method `user_signed_in?' for ApplicationHelper:Module):
  
app/helpers/application_helper.rb:2:in `<module:ApplicationHelper>'
app/helpers/application_helper.rb:1:in `<main>'
app/controllers/application_controller.rb:1:in `<main>'
app/controllers/pages_controller.rb:1:in `<main>'
Started GET "/" for ::1 at 2020-12-15 10:27:51 +0100
  [1m[35m (0.1ms)[0m  [1m[34mSELECT sqlite_version(*)[0m
Processing by PagesController#home as HTML
  Rendering pages/home.html.erb within layouts/application
  Rendered pages/home.html.erb within layouts/application (Duration: 0.9ms | Allocations: 81)
[Webpacker] Everything's up-to-date. Nothing to do
  Rendered shared/_navbar.html.erb (Duration: 0.4ms | Allocations: 75)
  Rendered shared/_flashes.html.erb (Duration: 1.7ms | Allocations: 169)
Completed 200 OK in 36ms (Views: 25.5ms | ActiveRecord: 0.0ms | Allocations: 8510)


Started GET "/users/cancel" for ::1 at 2020-12-15 10:27:59 +0100
Processing by Devise::RegistrationsController#cancel as HTML
Redirected to http://localhost:3000/users/sign_up
Completed 302 Found in 18ms (ActiveRecord: 0.0ms | Allocations: 1515)


Started GET "/users/sign_up" for ::1 at 2020-12-15 10:27:59 +0100
Processing by Devise::RegistrationsController#new as HTML
  Rendering devise/registrations/new.html.erb within layouts/application
  Rendered devise/shared/_error_messages.html.erb (Duration: 0.8ms | Allocations: 205)
  Rendered devise/shared/_links.html.erb (Duration: 0.8ms | Allocations: 532)
  Rendered devise/registrations/new.html.erb within layouts/application (Duration: 60.1ms | Allocations: 9547)
[Webpacker] Everything's up-to-date. Nothing to do
  Rendered shared/_navbar.html.erb (Duration: 0.0ms | Allocations: 5)
  Rendered shared/_flashes.html.erb (Duration: 0.0ms | Allocations: 11)
Completed 200 OK in 80ms (Views: 68.7ms | ActiveRecord: 1.0ms | Allocations: 20420)


Started GET "/" for ::1 at 2020-12-15 10:48:27 +0100
  [1m[35m (1.5ms)[0m  [1m[34mSELECT sqlite_version(*)[0m
  [1m[35m (1.6ms)[0m  [1m[34mSELECT "schema_migrations"."version" FROM "schema_migrations" ORDER BY "schema_migrations"."version" ASC[0m
Processing by PagesController#home as HTML
  Rendering pages/home.html.erb within layouts/application
  Rendered pages/home.html.erb within layouts/application (Duration: 2.8ms | Allocations: 190)
[Webpacker] Everything's up-to-date. Nothing to do
  Rendered shared/_navbar.html.erb (Duration: 0.5ms | Allocations: 75)
  Rendered shared/_flashes.html.erb (Duration: 2.9ms | Allocations: 169)
Completed 200 OK in 91ms (Views: 75.6ms | ActiveRecord: 0.0ms | Allocations: 8570)


Started GET "/" for ::1 at 2020-12-15 10:48:33 +0100
Processing by PagesController#home as HTML
  Rendering pages/home.html.erb within layouts/application
  Rendered pages/home.html.erb within layouts/application (Duration: 0.1ms | Allocations: 5)
[Webpacker] Everything's up-to-date. Nothing to do
  Rendered shared/_navbar.html.erb (Duration: 0.1ms | Allocations: 6)
  Rendered shared/_flashes.html.erb (Duration: 0.1ms | Allocations: 11)
Completed 200 OK in 13ms (Views: 11.7ms | ActiveRecord: 0.0ms | Allocations: 4019)


Started POST "/users" for ::1 at 2020-12-15 11:00:14 +0100
  [1m[35m (0.1ms)[0m  [1m[34mSELECT sqlite_version(*)[0m
Processing by Devise::RegistrationsController#create as HTML
  Parameters: {"authenticity_token"=>"uHAzWKgH9VNZGwV2sEYy3WBDPzm0Rppj8s3XoKcMm58ez8dnf3pv41ZwN7lVt5+01wi6Yr4BE4yjqAVxbvHROg==", "user"=>{"email"=>"", "password"=>"[FILTERED]", "password_confirmation"=>"[FILTERED]"}, "commit"=>"Sign up"}
  Rendering devise/registrations/new.html.erb within layouts/application
  Rendered devise/shared/_error_messages.html.erb (Duration: 1.4ms | Allocations: 549)
  Rendered devise/shared/_links.html.erb (Duration: 1.8ms | Allocations: 527)
  Rendered devise/registrations/new.html.erb within layouts/application (Duration: 22.5ms | Allocations: 4614)
[Webpacker] Everything's up-to-date. Nothing to do
  Rendered shared/_navbar.html.erb (Duration: 0.0ms | Allocations: 5)
  Rendered shared/_flashes.html.erb (Duration: 0.0ms | Allocations: 11)
Completed 200 OK in 102ms (Views: 66.3ms | ActiveRecord: 1.3ms | Allocations: 20313)


Started GET "/" for ::1 at 2020-12-15 11:13:48 +0100
  [1m[35m (0.2ms)[0m  [1m[34mSELECT sqlite_version(*)[0m
Processing by PagesController#home as HTML
  Rendering pages/home.html.erb within layouts/application
  Rendered pages/home.html.erb within layouts/application (Duration: 0.1ms | Allocations: 5)
[Webpacker] Everything's up-to-date. Nothing to do
  Rendered shared/_navbar.html.erb (Duration: 0.1ms | Allocations: 6)
  Rendered shared/_flashes.html.erb (Duration: 0.1ms | Allocations: 11)
Completed 200 OK in 74ms (Views: 73.1ms | ActiveRecord: 0.0ms | Allocations: 4015)


Started GET "/" for ::1 at 2020-12-15 11:13:48 +0100
Processing by PagesController#home as HTML
  Rendering pages/home.html.erb within layouts/application
  Rendered pages/home.html.erb within layouts/application (Duration: 0.0ms | Allocations: 4)
[Webpacker] Everything's up-to-date. Nothing to do
  Rendered shared/_navbar.html.erb (Duration: 0.1ms | Allocations: 6)
  Rendered shared/_flashes.html.erb (Duration: 0.1ms | Allocations: 11)
Completed 200 OK in 15ms (Views: 14.7ms | ActiveRecord: 0.0ms | Allocations: 4009)


Started GET "/users/sign_up" for ::1 at 2020-12-15 11:13:59 +0100
Processing by Devise::RegistrationsController#new as HTML
  Rendering devise/registrations/new.html.erb within layouts/application
  Rendered devise/shared/_error_messages.html.erb (Duration: 0.1ms | Allocations: 15)
  Rendered devise/shared/_links.html.erb (Duration: 0.2ms | Allocations: 78)
  Rendered devise/registrations/new.html.erb within layouts/application (Duration: 3.8ms | Allocations: 1081)
[Webpacker] Everything's up-to-date. Nothing to do
  Rendered shared/_navbar.html.erb (Duration: 0.1ms | Allocations: 5)
  Rendered shared/_flashes.html.erb (Duration: 0.1ms | Allocations: 11)
Completed 200 OK in 18ms (Views: 16.1ms | ActiveRecord: 0.0ms | Allocations: 5334)


Started GET "/users/sign_up" for ::1 at 2020-12-15 11:13:59 +0100
Processing by Devise::RegistrationsController#new as HTML
  Rendering devise/registrations/new.html.erb within layouts/application
  Rendered devise/shared/_error_messages.html.erb (Duration: 0.1ms | Allocations: 15)
  Rendered devise/shared/_links.html.erb (Duration: 0.2ms | Allocations: 78)
  Rendered devise/registrations/new.html.erb within layouts/application (Duration: 3.3ms | Allocations: 1077)
[Webpacker] Everything's up-to-date. Nothing to do
  Rendered shared/_navbar.html.erb (Duration: 0.0ms | Allocations: 5)
  Rendered shared/_flashes.html.erb (Duration: 0.0ms | Allocations: 11)
Completed 200 OK in 20ms (Views: 17.7ms | ActiveRecord: 0.0ms | Allocations: 5310)


Started GET "/users/sign_up" for ::1 at 2020-12-15 11:17:28 +0100
Started GET "/users/sign_up" for ::1 at 2020-12-15 11:17:28 +0100
  [1m[35m (0.7ms)[0m  [1m[34mSELECT sqlite_version(*)[0m
  [1m[35m (0.1ms)[0m  [1m[34mSELECT sqlite_version(*)[0m
Processing by Devise::RegistrationsController#new as HTML
Processing by Devise::RegistrationsController#new as HTML
  Rendering devise/registrations/new.html.erb within layouts/application
  Rendering devise/registrations/new.html.erb within layouts/application
  Rendered devise/shared/_error_messages.html.erb (Duration: 0.1ms | Allocations: 15)
  Rendered devise/shared/_error_messages.html.erb (Duration: 0.0ms | Allocations: 15)
  Rendered devise/shared/_links.html.erb (Duration: 0.2ms | Allocations: 90)
  Rendered devise/shared/_links.html.erb (Duration: 0.1ms | Allocations: 78)
  Rendered devise/registrations/new.html.erb within layouts/application (Duration: 5.5ms | Allocations: 2234)
  Rendered devise/registrations/new.html.erb within layouts/application (Duration: 5.0ms | Allocations: 2082)
[Webpacker] Everything's up-to-date. Nothing to do
[Webpacker] Everything's up-to-date. Nothing to do
  Rendered shared/_navbar.html.erb (Duration: 0.0ms | Allocations: 5)
  Rendered shared/_flashes.html.erb (Duration: 0.0ms | Allocations: 11)
  Rendered shared/_navbar.html.erb (Duration: 0.0ms | Allocations: 5)
Completed 200 OK in 70ms (Views: 33.9ms | ActiveRecord: 0.5ms | Allocations: 16399)


  Rendered shared/_flashes.html.erb (Duration: 0.0ms | Allocations: 11)
Completed 200 OK in 35ms (Views: 33.8ms | ActiveRecord: 0.0ms | Allocations: 10383)


Started GET "/users/sign_up" for ::1 at 2020-12-15 11:17:28 +0100
Processing by Devise::RegistrationsController#new as HTML
  Rendering devise/registrations/new.html.erb within layouts/application
  Rendered devise/shared/_error_messages.html.erb (Duration: 0.0ms | Allocations: 15)
  Rendered devise/shared/_links.html.erb (Duration: 0.2ms | Allocations: 78)
  Rendered devise/registrations/new.html.erb within layouts/application (Duration: 2.8ms | Allocations: 1077)
[Webpacker] Everything's up-to-date. Nothing to do
  Rendered shared/_navbar.html.erb (Duration: 0.0ms | Allocations: 5)
  Rendered shared/_flashes.html.erb (Duration: 0.0ms | Allocations: 11)
Completed 200 OK in 17ms (Views: 15.4ms | ActiveRecord: 0.0ms | Allocations: 5304)


Started GET "/users/sign_up" for ::1 at 2020-12-15 11:22:23 +0100
Started GET "/users/sign_up" for ::1 at 2020-12-15 11:22:23 +0100
  [1m[35m (0.1ms)[0m  [1m[34mSELECT sqlite_version(*)[0m
Processing by Devise::RegistrationsController#new as HTML
  Rendering devise/registrations/new.html.erb within layouts/application
  Rendered devise/registrations/new.html.erb within layouts/application (Duration: 280.3ms | Allocations: 142198)
Completed 500 Internal Server Error in 301ms (ActiveRecord: 0.5ms | Allocations: 149406)


  
ActionView::Template::Error (undefined method `simple_form_for' for #<#<Class:0x00007f9e94058ba8>:0x00007f9e9013c960>
Did you mean?  simple_format):
    1: <div class="newcontact">
    2:   <div class="wrapper">
    3:       <div class="form">
    4:       <%= simple_form_for(resource, as: resource_name, url: registration_path(resource_name)) do |f| %>
    5:       <%= f.error_notification %>
    6: 
    7:       <div class="pageTitle1 title">Register</div>
  
app/views/devise/registrations/new.html.erb:4
  [1m[35m (0.3ms)[0m  [1m[34mSELECT sqlite_version(*)[0m
Processing by Devise::RegistrationsController#new as HTML
  Rendering devise/registrations/new.html.erb within layouts/application
  Rendered devise/registrations/new.html.erb within layouts/application (Duration: 391.3ms | Allocations: 142234)
Completed 500 Internal Server Error in 409ms (ActiveRecord: 1.1ms | Allocations: 148812)


  
ActionView::Template::Error (undefined method `simple_form_for' for #<#<Class:0x00007f9e970404d8>:0x00007f9e97049880>
Did you mean?  simple_format):
    1: <div class="newcontact">
    2:   <div class="wrapper">
    3:       <div class="form">
    4:       <%= simple_form_for(resource, as: resource_name, url: registration_path(resource_name)) do |f| %>
    5:       <%= f.error_notification %>
    6: 
    7:       <div class="pageTitle1 title">Register</div>
  
app/views/devise/registrations/new.html.erb:4
Started GET "/users/sign_up" for ::1 at 2020-12-15 11:22:25 +0100
Processing by Devise::RegistrationsController#new as HTML
  Rendering devise/registrations/new.html.erb within layouts/application
  Rendered devise/registrations/new.html.erb within layouts/application (Duration: 375.9ms | Allocations: 142207)
Completed 500 Internal Server Error in 385ms (ActiveRecord: 0.0ms | Allocations: 142872)


  
ActionView::Template::Error (undefined method `simple_form_for' for #<#<Class:0x00007f9e970404d8>:0x00007f9e90d547c0>
Did you mean?  simple_format):
    1: <div class="newcontact">
    2:   <div class="wrapper">
    3:       <div class="form">
    4:       <%= simple_form_for(resource, as: resource_name, url: registration_path(resource_name)) do |f| %>
    5:       <%= f.error_notification %>
    6: 
    7:       <div class="pageTitle1 title">Register</div>
  
app/views/devise/registrations/new.html.erb:4
Started GET "/users/sign_up" for ::1 at 2020-12-15 11:22:27 +0100
Processing by Devise::RegistrationsController#new as HTML
  Rendering devise/registrations/new.html.erb within layouts/application
  Rendered devise/registrations/new.html.erb within layouts/application (Duration: 316.3ms | Allocations: 141957)
Completed 500 Internal Server Error in 320ms (ActiveRecord: 0.0ms | Allocations: 142673)


  
ActionView::Template::Error (undefined method `simple_form_for' for #<#<Class:0x00007f9e970404d8>:0x00007f9e90f9efd0>
Did you mean?  simple_format):
    1: <div class="newcontact">
    2:   <div class="wrapper">
    3:       <div class="form">
    4:       <%= simple_form_for(resource, as: resource_name, url: registration_path(resource_name)) do |f| %>
    5:       <%= f.error_notification %>
    6: 
    7:       <div class="pageTitle1 title">Register</div>
  
app/views/devise/registrations/new.html.erb:4
Started GET "/users/sign_up" for ::1 at 2020-12-15 11:25:08 +0100
Started GET "/users/sign_up" for ::1 at 2020-12-15 11:25:08 +0100
  [1m[35m (1.5ms)[0m  [1m[34mSELECT sqlite_version(*)[0m
  [1m[35m (0.1ms)[0m  [1m[34mSELECT sqlite_version(*)[0m
  [1m[35m (1.1ms)[0m  [1m[34mSELECT "schema_migrations"."version" FROM "schema_migrations" ORDER BY "schema_migrations"."version" ASC[0m
  [1m[35m (0.3ms)[0m  [1m[34mSELECT "schema_migrations"."version" FROM "schema_migrations" ORDER BY "schema_migrations"."version" ASC[0m
Processing by Devise::RegistrationsController#new as HTML
Processing by Devise::RegistrationsController#new as HTML
  Rendering devise/registrations/new.html.erb within layouts/application
  Rendering devise/registrations/new.html.erb within layouts/application
  Rendered devise/registrations/new.html.erb within layouts/application (Duration: 165.6ms | Allocations: 25225)
  Rendered devise/registrations/new.html.erb within layouts/application (Duration: 174.4ms | Allocations: 29672)
Completed 500 Internal Server Error in 191ms (ActiveRecord: 0.0ms | Allocations: 33308)


Completed 500 Internal Server Error in 218ms (ActiveRecord: 0.8ms | Allocations: 40658)


  
ActionView::Template::Error (undefined method `username' for #<User id: nil, email: "", created_at: nil, updated_at: nil>):
     7:       <div class="pageTitle1 title">Register</div>
     8:       
     9:        <div class="form-inputs">
    10:        <%= f.input :username,
    11:         required: true,
    12:         autofocus: true,
    13:         class: "form control",
  
app/views/devise/registrations/new.html.erb:10
app/views/devise/registrations/new.html.erb:4
  
ActionView::Template::Error (undefined method `username' for #<User id: nil, email: "", created_at: nil, updated_at: nil>):
     7:       <div class="pageTitle1 title">Register</div>
     8:       
     9:        <div class="form-inputs">
    10:        <%= f.input :username,
    11:         required: true,
    12:         autofocus: true,
    13:         class: "form control",
  
app/views/devise/registrations/new.html.erb:10
app/views/devise/registrations/new.html.erb:4
Started GET "/users/sign_up" for ::1 at 2020-12-15 11:25:09 +0100
Processing by Devise::RegistrationsController#new as HTML
  Rendering devise/registrations/new.html.erb within layouts/application
  Rendered devise/registrations/new.html.erb within layouts/application (Duration: 45.7ms | Allocations: 5104)
Completed 500 Internal Server Error in 51ms (ActiveRecord: 0.0ms | Allocations: 8450)


  
ActionView::Template::Error (undefined method `username' for #<User id: nil, email: "", created_at: nil, updated_at: nil>):
     7:       <div class="pageTitle1 title">Register</div>
     8:       
     9:        <div class="form-inputs">
    10:        <%= f.input :username,
    11:         required: true,
    12:         autofocus: true,
    13:         class: "form control",
  
app/views/devise/registrations/new.html.erb:10
app/views/devise/registrations/new.html.erb:4
Started GET "/users/sign_up" for ::1 at 2020-12-15 11:25:12 +0100
Processing by Devise::RegistrationsController#new as HTML
  Rendering devise/registrations/new.html.erb within layouts/application
  Rendered devise/registrations/new.html.erb within layouts/application (Duration: 25.2ms | Allocations: 5073)
Completed 500 Internal Server Error in 28ms (ActiveRecord: 0.0ms | Allocations: 5796)


  
ActionView::Template::Error (undefined method `username' for #<User id: nil, email: "", created_at: nil, updated_at: nil>):
     7:       <div class="pageTitle1 title">Register</div>
     8:       
     9:        <div class="form-inputs">
    10:        <%= f.input :username,
    11:         required: true,
    12:         autofocus: true,
    13:         class: "form control",
  
app/views/devise/registrations/new.html.erb:10
app/views/devise/registrations/new.html.erb:4
  [1m[35m (0.9ms)[0m  [1m[34mSELECT sqlite_version(*)[0m
  [1m[35m (0.8ms)[0m  [1m[34mSELECT "schema_migrations"."version" FROM "schema_migrations" ORDER BY "schema_migrations"."version" ASC[0m
Migrating to AddUsernameToUser (20201215102641)
  [1m[35m (0.1ms)[0m  [1m[36mbegin transaction[0m
  [1m[35m (1.0ms)[0m  [1m[35mALTER TABLE "users" ADD "username" varchar[0m
  [1m[35m (0.2ms)[0m  [1m[35mALTER TABLE "users" ADD "full_name" varchar[0m
  [1m[36mprimary::SchemaMigration Create (1.6ms)[0m  [1m[32mINSERT INTO "schema_migrations" ("version") VALUES (?)[0m  [["version", "20201215102641"]]
  [1m[35m (1.2ms)[0m  [1m[36mcommit transaction[0m
  [1m[36mActiveRecord::InternalMetadata Load (0.7ms)[0m  [1m[34mSELECT "ar_internal_metadata".* FROM "ar_internal_metadata" WHERE "ar_internal_metadata"."key" = ? LIMIT ?[0m  [["key", "environment"], ["LIMIT", 1]]
  [1m[35m (0.1ms)[0m  [1m[34mSELECT sqlite_version(*)[0m
  [1m[35m (0.3ms)[0m  [1m[34mSELECT "schema_migrations"."version" FROM "schema_migrations" ORDER BY "schema_migrations"."version" ASC[0m
Started GET "/users/sign_up" for ::1 at 2020-12-15 11:28:16 +0100
  [1m[35m (0.9ms)[0m  [1m[34mSELECT sqlite_version(*)[0m
  [1m[35m (0.2ms)[0m  [1m[34mSELECT "schema_migrations"."version" FROM "schema_migrations" ORDER BY "schema_migrations"."version" ASC[0m
Processing by Devise::RegistrationsController#new as HTML
  Rendering devise/registrations/new.html.erb within layouts/application
  Rendered devise/registrations/new.html.erb within layouts/application (Duration: 75.5ms | Allocations: 21176)
Completed 500 Internal Server Error in 101ms (ActiveRecord: 0.6ms | Allocations: 30974)


  
ActionView::Template::Error (Missing partial devise/shared/_signin_btn with {:locale=>[:en], :formats=>[:html], :variants=>[], :handlers=>[:raw, :erb, :html, :builder, :ruby, :jbuilder]}. Searched in:
  * "/Users/felixhermann/Documents/GreenImpact/app/views"
  * "/Users/felixhermann/.rbenv/versions/2.6.6/lib/ruby/gems/2.6.0/gems/devise-4.7.3/app/views"
):
    50:       <% end %>
    51: 
    52:       <div class="separator my-3">Already have an account?</div>
    53:       <%= render "devise/shared/signin_btn" %>
    54:     </div>
    55:   </div>
    56: </div>
  
app/views/devise/registrations/new.html.erb:53
Started GET "/users/sign_up" for ::1 at 2020-12-15 11:30:50 +0100
  [1m[35m (2.2ms)[0m  [1m[34mSELECT sqlite_version(*)[0m
  [1m[35m (0.3ms)[0m  [1m[34mSELECT "schema_migrations"."version" FROM "schema_migrations" ORDER BY "schema_migrations"."version" ASC[0m
Processing by Devise::RegistrationsController#new as HTML
  Rendering devise/registrations/new.html.erb within layouts/application
  Rendered devise/shared/_signin_btn.html.erb (Duration: 0.8ms | Allocations: 266)
  Rendered devise/registrations/new.html.erb within layouts/application (Duration: 77.1ms | Allocations: 20095)
Completed 500 Internal Server Error in 117ms (ActiveRecord: 0.5ms | Allocations: 34848)


  
ActionView::Template::Error (Error: File to import not found or unreadable: bootstrap/scss/bootstrap.
        on line 1:1 of app/assets/stylesheets/application.scss
>> @import "bootstrap/scss/bootstrap";

   ^
):
     5:     <%= csrf_meta_tags %>
     6:     <%= csp_meta_tag %>
     7: 
     8:     <%= stylesheet_link_tag 'application', media: 'all', 'data-turbolinks-track': 'reload' %>
     9:     <%= javascript_pack_tag 'application', 'data-turbolinks-track': 'reload' %>
    10:     <p class="notice"><%= notice %></p>
    11:     <p class="alert"><%= alert %></p>
  
app/assets/stylesheets/application.scss:1
app/views/layouts/application.html.erb:8
Started GET "/users/sign_up" for ::1 at 2020-12-15 11:31:55 +0100
Processing by Devise::RegistrationsController#new as HTML
  Rendering devise/registrations/new.html.erb within layouts/application
  Rendered devise/shared/_signin_btn.html.erb (Duration: 0.3ms | Allocations: 72)
  Rendered devise/registrations/new.html.erb within layouts/application (Duration: 30.1ms | Allocations: 8926)
Completed 500 Internal Server Error in 45ms (ActiveRecord: 0.0ms | Allocations: 12357)


  
ActionView::Template::Error (Error: File to import not found or unreadable: config/fonts.
        on line 18:1 of app/assets/stylesheets/application.scss
>> @import "config/fonts";

   ^
):
     5:     <%= csrf_meta_tags %>
     6:     <%= csp_meta_tag %>
     7: 
     8:     <%= stylesheet_link_tag 'application', media: 'all', 'data-turbolinks-track': 'reload' %>
     9:     <%= javascript_pack_tag 'application', 'data-turbolinks-track': 'reload' %>
    10:     <p class="notice"><%= notice %></p>
    11:     <p class="alert"><%= alert %></p>
  
app/assets/stylesheets/application.scss:18
app/views/layouts/application.html.erb:8
Started GET "/users/sign_up" for ::1 at 2020-12-15 11:37:40 +0100
Processing by Devise::RegistrationsController#new as HTML
  Rendering devise/registrations/new.html.erb within layouts/application
  Rendered devise/shared/_signin_btn.html.erb (Duration: 0.2ms | Allocations: 71)
  Rendered devise/registrations/new.html.erb within layouts/application (Duration: 16.7ms | Allocations: 8874)
Completed 500 Internal Server Error in 25ms (ActiveRecord: 0.0ms | Allocations: 12245)


  
ActionView::Template::Error (Error: File to import not found or unreadable: bootstrap/scss/bootstrap.
        on line 19:1 of app/assets/stylesheets/application.scss
>> @import "bootstrap/scss/bootstrap";

   ^
):
     5:     <%= csrf_meta_tags %>
     6:     <%= csp_meta_tag %>
     7: 
     8:     <%= stylesheet_link_tag 'application', media: 'all', 'data-turbolinks-track': 'reload' %>
     9:     <%= javascript_pack_tag 'application', 'data-turbolinks-track': 'reload' %>
    10:     <p class="notice"><%= notice %></p>
    11:     <p class="alert"><%= alert %></p>
  
app/assets/stylesheets/application.scss:19
app/views/layouts/application.html.erb:8
Started GET "/users/sign_up" for ::1 at 2020-12-15 11:39:03 +0100
  [1m[35m (1.0ms)[0m  [1m[34mSELECT sqlite_version(*)[0m
  [1m[35m (0.8ms)[0m  [1m[34mSELECT "schema_migrations"."version" FROM "schema_migrations" ORDER BY "schema_migrations"."version" ASC[0m
Processing by Devise::RegistrationsController#new as HTML
  Rendering devise/registrations/new.html.erb within layouts/application
  Rendered devise/shared/_signin_btn.html.erb (Duration: 4.4ms | Allocations: 520)
  Rendered devise/registrations/new.html.erb within layouts/application (Duration: 89.3ms | Allocations: 21520)
[Webpacker] Compiling...
[Webpacker] Compiled all packs in /Users/felixhermann/Documents/GreenImpact/public/packs
[Webpacker] Hash: a2d188dce050c33a1895
Version: webpack 4.44.2
Time: 1320ms
Built at: 12/15/2020 11:39:09 AM
                                     Asset       Size       Chunks                         Chunk Names
    js/application-4f52420daeea112425fa.js   89.1 KiB  application  [emitted] [immutable]  application
js/application-4f52420daeea112425fa.js.map   97.9 KiB  application  [emitted] [dev]        application
                             manifest.json  364 bytes               [emitted]              
Entrypoint application = js/application-4f52420daeea112425fa.js js/application-4f52420daeea112425fa.js.map
[./app/javascript/channels sync recursive _channel\.js$] ./app/javascript/channels sync _channel\.js$ 160 bytes {application} [built]
[./app/javascript/channels/index.js] 211 bytes {application} [built]
[./app/javascript/packs/application.js] 707 bytes {application} [built]
[./node_modules/webpack/buildin/module.js] (webpack)/buildin/module.js 552 bytes {application} [built]
    + 2 hidden modules

  Rendered shared/_navbar.html.erb (Duration: 0.5ms | Allocations: 81)
  Rendered shared/_flashes.html.erb (Duration: 1.9ms | Allocations: 169)
Completed 200 OK in 5357ms (Views: 5331.4ms | ActiveRecord: 1.4ms | Allocations: 110801)


Started GET "/users/sign_in" for ::1 at 2020-12-15 11:41:34 +0100
Processing by Devise::SessionsController#new as HTML
  Rendering devise/sessions/new.html.erb within layouts/application
  Rendered devise/shared/_signup_btn.html.erb (Duration: 1.8ms | Allocations: 237)
  Rendered devise/sessions/new.html.erb within layouts/application (Duration: 33.4ms | Allocations: 10999)
[Webpacker] Everything's up-to-date. Nothing to do
  Rendered shared/_navbar.html.erb (Duration: 0.0ms | Allocations: 5)
  Rendered shared/_flashes.html.erb (Duration: 0.0ms | Allocations: 11)
Completed 200 OK in 64ms (Views: 60.9ms | ActiveRecord: 0.0ms | Allocations: 19880)


Started GET "/users/sign_up" for ::1 at 2020-12-15 11:41:39 +0100
Processing by Devise::RegistrationsController#new as HTML
  Rendering devise/registrations/new.html.erb within layouts/application
  Rendered devise/shared/_signin_btn.html.erb (Duration: 0.2ms | Allocations: 71)
  Rendered devise/registrations/new.html.erb within layouts/application (Duration: 33.1ms | Allocations: 8819)
[Webpacker] Everything's up-to-date. Nothing to do
  Rendered shared/_navbar.html.erb (Duration: 0.0ms | Allocations: 5)
  Rendered shared/_flashes.html.erb (Duration: 0.0ms | Allocations: 11)
Completed 200 OK in 69ms (Views: 65.3ms | ActiveRecord: 0.0ms | Allocations: 17093)


Started GET "/users/sign_up" for ::1 at 2020-12-15 11:41:52 +0100
Started GET "/users/sign_up" for ::1 at 2020-12-15 11:41:52 +0100
  [1m[35m (0.1ms)[0m  [1m[34mSELECT sqlite_version(*)[0m
Processing by Devise::RegistrationsController#new as HTML
  Rendering devise/registrations/new.html.erb within layouts/application
Processing by Devise::RegistrationsController#new as HTML
  Rendered devise/shared/_signin_btn.html.erb (Duration: 0.1ms | Allocations: 71)
  Rendering devise/registrations/new.html.erb within layouts/application
  Rendered devise/registrations/new.html.erb within layouts/application (Duration: 14.4ms | Allocations: 9703)
  Rendered devise/shared/_signin_btn.html.erb (Duration: 0.2ms | Allocations: 71)
  Rendered devise/registrations/new.html.erb within layouts/application (Duration: 16.4ms | Allocations: 8959)
[Webpacker] Everything's up-to-date. Nothing to do
[Webpacker] Everything's up-to-date. Nothing to do
  Rendered shared/_navbar.html.erb (Duration: 0.1ms | Allocations: 5)
  Rendered shared/_navbar.html.erb (Duration: 0.0ms | Allocations: 5)
  Rendered shared/_flashes.html.erb (Duration: 0.0ms | Allocations: 11)
  Rendered shared/_flashes.html.erb (Duration: 0.0ms | Allocations: 11)
Completed 200 OK in 55ms (Views: 53.5ms | ActiveRecord: 0.0ms | Allocations: 34241)


Completed 200 OK in 40ms (Views: 39.0ms | ActiveRecord: 0.0ms | Allocations: 24612)


Started GET "/users/sign_up" for ::1 at 2020-12-15 11:41:52 +0100
Processing by Devise::RegistrationsController#new as HTML
  Rendering devise/registrations/new.html.erb within layouts/application
  Rendered devise/shared/_signin_btn.html.erb (Duration: 0.2ms | Allocations: 71)
  Rendered devise/registrations/new.html.erb within layouts/application (Duration: 169.6ms | Allocations: 16137)
[Webpacker] Everything's up-to-date. Nothing to do
  Rendered shared/_navbar.html.erb (Duration: 0.0ms | Allocations: 5)
  Rendered shared/_flashes.html.erb (Duration: 0.1ms | Allocations: 11)
Completed 200 OK in 186ms (Views: 184.6ms | ActiveRecord: 0.0ms | Allocations: 24359)


Started GET "/users/sign_up" for ::1 at 2020-12-15 11:52:24 +0100
Started GET "/users/sign_up" for ::1 at 2020-12-15 11:52:24 +0100
  [1m[35m (0.1ms)[0m  [1m[34mSELECT sqlite_version(*)[0m
  [1m[35m (0.1ms)[0m  [1m[34mSELECT sqlite_version(*)[0m
Processing by Devise::RegistrationsController#new as HTML
Processing by Devise::RegistrationsController#new as HTML
  Rendering devise/registrations/new.html.erb within layouts/application
  Rendering devise/registrations/new.html.erb within layouts/application
  Rendered devise/shared/_signin_btn.html.erb (Duration: 0.3ms | Allocations: 71)
  Rendered devise/shared/_signin_btn.html.erb (Duration: 0.1ms | Allocations: 71)
  Rendered devise/registrations/new.html.erb within layouts/application (Duration: 36.9ms | Allocations: 17639)
  Rendered devise/registrations/new.html.erb within layouts/application (Duration: 15.6ms | Allocations: 8850)
[Webpacker] Everything's up-to-date. Nothing to do
[Webpacker] Everything's up-to-date. Nothing to do
  Rendered shared/_navbar.html.erb (Duration: 0.0ms | Allocations: 5)
  Rendered shared/_flashes.html.erb (Duration: 0.1ms | Allocations: 11)
  Rendered shared/_navbar.html.erb (Duration: 0.0ms | Allocations: 5)
Completed 200 OK in 1894ms (Views: 1892.6ms | ActiveRecord: 0.0ms | Allocations: 170087)


  Rendered shared/_flashes.html.erb (Duration: 0.5ms | Allocations: 11)
Completed 200 OK in 1898ms (Views: 1896.0ms | ActiveRecord: 0.0ms | Allocations: 171474)


Started GET "/users/sign_up" for ::1 at 2020-12-15 11:52:26 +0100
Processing by Devise::RegistrationsController#new as HTML
  Rendering devise/registrations/new.html.erb within layouts/application
  Rendered devise/shared/_signin_btn.html.erb (Duration: 0.6ms | Allocations: 71)
  Rendered devise/registrations/new.html.erb within layouts/application (Duration: 31.3ms | Allocations: 8828)
[Webpacker] Everything's up-to-date. Nothing to do
  Rendered shared/_navbar.html.erb (Duration: 0.0ms | Allocations: 5)
  Rendered shared/_flashes.html.erb (Duration: 0.0ms | Allocations: 11)
Completed 200 OK in 65ms (Views: 63.7ms | ActiveRecord: 0.0ms | Allocations: 20503)


Started GET "/users/sign_up" for ::1 at 2020-12-15 11:52:30 +0100
Processing by Devise::RegistrationsController#new as HTML
  Rendering devise/registrations/new.html.erb within layouts/application
  Rendered devise/shared/_signin_btn.html.erb (Duration: 0.2ms | Allocations: 71)
  Rendered devise/registrations/new.html.erb within layouts/application (Duration: 22.0ms | Allocations: 8794)
[Webpacker] Everything's up-to-date. Nothing to do
  Rendered shared/_navbar.html.erb (Duration: 0.1ms | Allocations: 5)
  Rendered shared/_flashes.html.erb (Duration: 0.1ms | Allocations: 11)
Completed 200 OK in 42ms (Views: 40.3ms | ActiveRecord: 0.0ms | Allocations: 17391)


Started GET "/users/sign_up" for ::1 at 2020-12-15 11:53:35 +0100
Started GET "/users/sign_up" for ::1 at 2020-12-15 11:53:35 +0100
Processing by Devise::RegistrationsController#new as HTML
Processing by Devise::RegistrationsController#new as HTML
  Rendering devise/registrations/new.html.erb within layouts/application
  Rendering devise/registrations/new.html.erb within layouts/application
  Rendered devise/shared/_signin_btn.html.erb (Duration: 0.2ms | Allocations: 71)
  Rendered devise/shared/_signin_btn.html.erb (Duration: 0.3ms | Allocations: 71)
  Rendered devise/registrations/new.html.erb within layouts/application (Duration: 22.7ms | Allocations: 8794)
  Rendered devise/registrations/new.html.erb within layouts/application (Duration: 42.8ms | Allocations: 17667)
[Webpacker] Everything's up-to-date. Nothing to do
  Rendered shared/_navbar.html.erb (Duration: 0.0ms | Allocations: 5)
  Rendered shared/_flashes.html.erb (Duration: 0.0ms | Allocations: 11)
Completed 200 OK in 1531ms (Views: 1529.1ms | ActiveRecord: 0.0ms | Allocations: 149674)


[Webpacker] Everything's up-to-date. Nothing to do
  Rendered shared/_navbar.html.erb (Duration: 0.0ms | Allocations: 5)
  Rendered shared/_flashes.html.erb (Duration: 0.0ms | Allocations: 11)
Completed 200 OK in 1603ms (Views: 1601.6ms | ActiveRecord: 0.0ms | Allocations: 159562)


Started GET "/users/sign_up" for ::1 at 2020-12-15 11:53:37 +0100
Processing by Devise::RegistrationsController#new as HTML
  Rendering devise/registrations/new.html.erb within layouts/application
  Rendered devise/shared/_signin_btn.html.erb (Duration: 0.1ms | Allocations: 71)
  Rendered devise/registrations/new.html.erb within layouts/application (Duration: 41.2ms | Allocations: 9314)
[Webpacker] Everything's up-to-date. Nothing to do
  Rendered shared/_navbar.html.erb (Duration: 0.0ms | Allocations: 5)
  Rendered shared/_flashes.html.erb (Duration: 0.0ms | Allocations: 11)
Completed 200 OK in 77ms (Views: 75.6ms | ActiveRecord: 0.0ms | Allocations: 20045)


Started GET "/users/sign_up" for ::1 at 2020-12-15 11:57:25 +0100
Processing by Devise::RegistrationsController#new as HTML
  Rendering devise/registrations/new.html.erb within layouts/application
  Rendered devise/shared/_signin_btn.html.erb (Duration: 0.2ms | Allocations: 71)
  Rendered devise/registrations/new.html.erb within layouts/application (Duration: 10.3ms | Allocations: 8794)
[Webpacker] Everything's up-to-date. Nothing to do
  Rendered shared/_navbar.html.erb (Duration: 0.0ms | Allocations: 5)
  Rendered shared/_flashes.html.erb (Duration: 0.0ms | Allocations: 11)
Completed 200 OK in 802ms (Views: 801.5ms | ActiveRecord: 0.0ms | Allocations: 84208)


